<?xml version="1.0" encoding="UTF-8"?>
<!-- Generated by org.testng.reporters.JUnitReportReporter -->
<testsuite hostname="IN-63MZ9K3" failures="0" tests="4" name="com.nagarro.qa.testcases.LaunchPageTest" time="9.917" errors="0" timestamp="2022-10-21T13:26:10 IST" skipped="0">
  <testcase classname="com.nagarro.qa.testcases.LaunchPageTest" name="launchNagarroPageValidation" time="0.107"/>
  <system-out/>
  <testcase classname="com.nagarro.qa.testcases.LaunchPageTest" name="pageLableValidation" time="0.046"/>
  <system-out/>
  <testcase classname="com.nagarro.qa.testcases.LaunchPageTest" name="aboutUsButtonClick" time="9.651"/>
  <system-out/>
  <testcase classname="com.nagarro.qa.testcases.LaunchPageTest" name="NagarroAboutUsPageValidation" time="0.113"/>
  <system-out/>
</testsuite> <!-- com.nagarro.qa.testcases.LaunchPageTest -->
