<?xml version="1.0" encoding="UTF-8"?>
<!-- Generated by org.testng.reporters.JUnitReportReporter -->
<testsuite hostname="IN-63MZ9K3" failures="0" tests="4" name="com.nagarro.qa.testcases.LaunchPageTest" time="9.474" errors="0" timestamp="2022-10-21T14:15:34 IST" skipped="0">
  <testcase classname="com.nagarro.qa.testcases.LaunchPageTest" name="launchNagarroPageValidation" time="0.109"/>
  <system-out/>
  <testcase classname="com.nagarro.qa.testcases.LaunchPageTest" name="pageLableValidation" time="0.044"/>
  <system-out/>
  <testcase classname="com.nagarro.qa.testcases.LaunchPageTest" name="aboutUsButtonClick" time="9.234"/>
  <system-out/>
  <testcase classname="com.nagarro.qa.testcases.LaunchPageTest" name="NagarroAboutUsPageValidation" time="0.087"/>
  <system-out/>
</testsuite> <!-- com.nagarro.qa.testcases.LaunchPageTest -->
